INFO - 2024-10-26 02:20:31 --> Session: Class initialized using 'CodeIgniter\Session\Handlers\FileHandler' driver.
ERROR - 2024-10-26 02:20:35 --> Error connecting to the database: mysqli_sql_exception: No connection could be made because the target machine actively refused it in C:\Users\user\Downloads\Magang\SEO\Archidesign_bogem_CompanyProfile\system\Database\MySQLi\Connection.php:174
Stack trace:
#0 C:\Users\user\Downloads\Magang\SEO\Archidesign_bogem_CompanyProfile\system\Database\MySQLi\Connection.php(174): mysqli->real_connect('localhost', 'root', '', 'u1658729_empatp...', 3306, '', 0)
#1 C:\Users\user\Downloads\Magang\SEO\Archidesign_bogem_CompanyProfile\system\Database\BaseConnection.php(391): CodeIgniter\Database\MySQLi\Connection->connect(false)
#2 C:\Users\user\Downloads\Magang\SEO\Archidesign_bogem_CompanyProfile\system\Database\BaseConnection.php(574): CodeIgniter\Database\BaseConnection->initialize()
#3 C:\Users\user\Downloads\Magang\SEO\Archidesign_bogem_CompanyProfile\system\Database\BaseBuilder.php(1616): CodeIgniter\Database\BaseConnection->query('SELECT *\nFROM `...', Array, false)
#4 C:\Users\user\Downloads\Magang\SEO\Archidesign_bogem_CompanyProfile\system\Model.php(241): CodeIgniter\Database\BaseBuilder->get()
#5 C:\Users\user\Downloads\Magang\SEO\Archidesign_bogem_CompanyProfile\system\BaseModel.php(618): CodeIgniter\Model->doFindAll(0, 0)
#6 C:\Users\user\Downloads\Magang\SEO\Archidesign_bogem_CompanyProfile\app\Controllers\user\Homectrl.php(35): CodeIgniter\BaseModel->findAll()
#7 C:\Users\user\Downloads\Magang\SEO\Archidesign_bogem_CompanyProfile\system\CodeIgniter.php(932): App\Controllers\user\Homectrl->index()
#8 C:\Users\user\Downloads\Magang\SEO\Archidesign_bogem_CompanyProfile\system\CodeIgniter.php(497): CodeIgniter\CodeIgniter->runController(Object(App\Controllers\user\Homectrl))
#9 C:\Users\user\Downloads\Magang\SEO\Archidesign_bogem_CompanyProfile\system\CodeIgniter.php(366): CodeIgniter\CodeIgniter->handleRequest(NULL, Object(Config\Cache), false)
#10 C:\Users\user\Downloads\Magang\SEO\Archidesign_bogem_CompanyProfile\public\index.php(67): CodeIgniter\CodeIgniter->run()
#11 C:\Users\user\Downloads\Magang\SEO\Archidesign_bogem_CompanyProfile\system\Commands\Server\rewrite.php(47): require_once('C:\\Users\\user\\D...')
#12 {main}

Next CodeIgniter\Database\Exceptions\DatabaseException: No connection could be made because the target machine actively refused it in C:\Users\user\Downloads\Magang\SEO\Archidesign_bogem_CompanyProfile\system\Database\MySQLi\Connection.php:218
Stack trace:
#0 C:\Users\user\Downloads\Magang\SEO\Archidesign_bogem_CompanyProfile\system\Database\BaseConnection.php(391): CodeIgniter\Database\MySQLi\Connection->connect(false)
#1 C:\Users\user\Downloads\Magang\SEO\Archidesign_bogem_CompanyProfile\system\Database\BaseConnection.php(574): CodeIgniter\Database\BaseConnection->initialize()
#2 C:\Users\user\Downloads\Magang\SEO\Archidesign_bogem_CompanyProfile\system\Database\BaseBuilder.php(1616): CodeIgniter\Database\BaseConnection->query('SELECT *\nFROM `...', Array, false)
#3 C:\Users\user\Downloads\Magang\SEO\Archidesign_bogem_CompanyProfile\system\Model.php(241): CodeIgniter\Database\BaseBuilder->get()
#4 C:\Users\user\Downloads\Magang\SEO\Archidesign_bogem_CompanyProfile\system\BaseModel.php(618): CodeIgniter\Model->doFindAll(0, 0)
#5 C:\Users\user\Downloads\Magang\SEO\Archidesign_bogem_CompanyProfile\app\Controllers\user\Homectrl.php(35): CodeIgniter\BaseModel->findAll()
#6 C:\Users\user\Downloads\Magang\SEO\Archidesign_bogem_CompanyProfile\system\CodeIgniter.php(932): App\Controllers\user\Homectrl->index()
#7 C:\Users\user\Downloads\Magang\SEO\Archidesign_bogem_CompanyProfile\system\CodeIgniter.php(497): CodeIgniter\CodeIgniter->runController(Object(App\Controllers\user\Homectrl))
#8 C:\Users\user\Downloads\Magang\SEO\Archidesign_bogem_CompanyProfile\system\CodeIgniter.php(366): CodeIgniter\CodeIgniter->handleRequest(NULL, Object(Config\Cache), false)
#9 C:\Users\user\Downloads\Magang\SEO\Archidesign_bogem_CompanyProfile\public\index.php(67): CodeIgniter\CodeIgniter->run()
#10 C:\Users\user\Downloads\Magang\SEO\Archidesign_bogem_CompanyProfile\system\Commands\Server\rewrite.php(47): require_once('C:\\Users\\user\\D...')
#11 {main}
CRITICAL - 2024-10-26 02:20:35 --> Unable to connect to the database.
Main connection [MySQLi]: No connection could be made because the target machine actively refused it
in SYSTEMPATH\Database\BaseConnection.php on line 427.
 1 SYSTEMPATH\Database\BaseConnection.php(574): CodeIgniter\Database\BaseConnection->initialize()
 2 SYSTEMPATH\Database\BaseBuilder.php(1616): CodeIgniter\Database\BaseConnection->query('SELECT *
FROM `tb_profil`', [], false)
 3 SYSTEMPATH\Model.php(241): CodeIgniter\Database\BaseBuilder->get()
 4 SYSTEMPATH\BaseModel.php(618): CodeIgniter\Model->doFindAll(0, 0)
 5 APPPATH\Controllers\user\Homectrl.php(35): CodeIgniter\BaseModel->findAll()
 6 SYSTEMPATH\CodeIgniter.php(932): App\Controllers\user\Homectrl->index()
 7 SYSTEMPATH\CodeIgniter.php(497): CodeIgniter\CodeIgniter->runController(Object(App\Controllers\user\Homectrl))
 8 SYSTEMPATH\CodeIgniter.php(366): CodeIgniter\CodeIgniter->handleRequest(null, Object(Config\Cache), false)
 9 FCPATH\index.php(67): CodeIgniter\CodeIgniter->run()
10 SYSTEMPATH\Commands\Server\rewrite.php(47): require_once('C:\\Users\\user\\Downloads\\Magang\\SEO\\Archidesign_bogem_CompanyProfile\\public\\index.php')
INFO - 2024-10-26 02:20:35 --> Session: Class initialized using 'CodeIgniter\Session\Handlers\FileHandler' driver.
ERROR - 2024-10-26 02:20:39 --> Error connecting to the database: mysqli_sql_exception: No connection could be made because the target machine actively refused it in C:\Users\user\Downloads\Magang\SEO\Archidesign_bogem_CompanyProfile\system\Database\MySQLi\Connection.php:174
Stack trace:
#0 C:\Users\user\Downloads\Magang\SEO\Archidesign_bogem_CompanyProfile\system\Database\MySQLi\Connection.php(174): mysqli->real_connect('localhost', 'root', '', 'u1658729_empatp...', 3306, '', 0)
#1 C:\Users\user\Downloads\Magang\SEO\Archidesign_bogem_CompanyProfile\system\Database\BaseConnection.php(391): CodeIgniter\Database\MySQLi\Connection->connect(false)
#2 C:\Users\user\Downloads\Magang\SEO\Archidesign_bogem_CompanyProfile\system\Database\BaseConnection.php(574): CodeIgniter\Database\BaseConnection->initialize()
#3 C:\Users\user\Downloads\Magang\SEO\Archidesign_bogem_CompanyProfile\system\Database\BaseBuilder.php(1616): CodeIgniter\Database\BaseConnection->query('SELECT *\nFROM `...', Array, false)
#4 C:\Users\user\Downloads\Magang\SEO\Archidesign_bogem_CompanyProfile\system\Model.php(241): CodeIgniter\Database\BaseBuilder->get()
#5 C:\Users\user\Downloads\Magang\SEO\Archidesign_bogem_CompanyProfile\system\BaseModel.php(618): CodeIgniter\Model->doFindAll(0, 0)
#6 C:\Users\user\Downloads\Magang\SEO\Archidesign_bogem_CompanyProfile\app\Controllers\user\Homectrl.php(35): CodeIgniter\BaseModel->findAll()
#7 C:\Users\user\Downloads\Magang\SEO\Archidesign_bogem_CompanyProfile\system\CodeIgniter.php(932): App\Controllers\user\Homectrl->index()
#8 C:\Users\user\Downloads\Magang\SEO\Archidesign_bogem_CompanyProfile\system\CodeIgniter.php(497): CodeIgniter\CodeIgniter->runController(Object(App\Controllers\user\Homectrl))
#9 C:\Users\user\Downloads\Magang\SEO\Archidesign_bogem_CompanyProfile\system\CodeIgniter.php(366): CodeIgniter\CodeIgniter->handleRequest(NULL, Object(Config\Cache), false)
#10 C:\Users\user\Downloads\Magang\SEO\Archidesign_bogem_CompanyProfile\public\index.php(67): CodeIgniter\CodeIgniter->run()
#11 C:\Users\user\Downloads\Magang\SEO\Archidesign_bogem_CompanyProfile\system\Commands\Server\rewrite.php(47): require_once('C:\\Users\\user\\D...')
#12 {main}

Next CodeIgniter\Database\Exceptions\DatabaseException: No connection could be made because the target machine actively refused it in C:\Users\user\Downloads\Magang\SEO\Archidesign_bogem_CompanyProfile\system\Database\MySQLi\Connection.php:218
Stack trace:
#0 C:\Users\user\Downloads\Magang\SEO\Archidesign_bogem_CompanyProfile\system\Database\BaseConnection.php(391): CodeIgniter\Database\MySQLi\Connection->connect(false)
#1 C:\Users\user\Downloads\Magang\SEO\Archidesign_bogem_CompanyProfile\system\Database\BaseConnection.php(574): CodeIgniter\Database\BaseConnection->initialize()
#2 C:\Users\user\Downloads\Magang\SEO\Archidesign_bogem_CompanyProfile\system\Database\BaseBuilder.php(1616): CodeIgniter\Database\BaseConnection->query('SELECT *\nFROM `...', Array, false)
#3 C:\Users\user\Downloads\Magang\SEO\Archidesign_bogem_CompanyProfile\system\Model.php(241): CodeIgniter\Database\BaseBuilder->get()
#4 C:\Users\user\Downloads\Magang\SEO\Archidesign_bogem_CompanyProfile\system\BaseModel.php(618): CodeIgniter\Model->doFindAll(0, 0)
#5 C:\Users\user\Downloads\Magang\SEO\Archidesign_bogem_CompanyProfile\app\Controllers\user\Homectrl.php(35): CodeIgniter\BaseModel->findAll()
#6 C:\Users\user\Downloads\Magang\SEO\Archidesign_bogem_CompanyProfile\system\CodeIgniter.php(932): App\Controllers\user\Homectrl->index()
#7 C:\Users\user\Downloads\Magang\SEO\Archidesign_bogem_CompanyProfile\system\CodeIgniter.php(497): CodeIgniter\CodeIgniter->runController(Object(App\Controllers\user\Homectrl))
#8 C:\Users\user\Downloads\Magang\SEO\Archidesign_bogem_CompanyProfile\system\CodeIgniter.php(366): CodeIgniter\CodeIgniter->handleRequest(NULL, Object(Config\Cache), false)
#9 C:\Users\user\Downloads\Magang\SEO\Archidesign_bogem_CompanyProfile\public\index.php(67): CodeIgniter\CodeIgniter->run()
#10 C:\Users\user\Downloads\Magang\SEO\Archidesign_bogem_CompanyProfile\system\Commands\Server\rewrite.php(47): require_once('C:\\Users\\user\\D...')
#11 {main}
CRITICAL - 2024-10-26 02:20:39 --> Unable to connect to the database.
Main connection [MySQLi]: No connection could be made because the target machine actively refused it
in SYSTEMPATH\Database\BaseConnection.php on line 427.
 1 SYSTEMPATH\Database\BaseConnection.php(574): CodeIgniter\Database\BaseConnection->initialize()
 2 SYSTEMPATH\Database\BaseBuilder.php(1616): CodeIgniter\Database\BaseConnection->query('SELECT *
FROM `tb_profil`', [], false)
 3 SYSTEMPATH\Model.php(241): CodeIgniter\Database\BaseBuilder->get()
 4 SYSTEMPATH\BaseModel.php(618): CodeIgniter\Model->doFindAll(0, 0)
 5 APPPATH\Controllers\user\Homectrl.php(35): CodeIgniter\BaseModel->findAll()
 6 SYSTEMPATH\CodeIgniter.php(932): App\Controllers\user\Homectrl->index()
 7 SYSTEMPATH\CodeIgniter.php(497): CodeIgniter\CodeIgniter->runController(Object(App\Controllers\user\Homectrl))
 8 SYSTEMPATH\CodeIgniter.php(366): CodeIgniter\CodeIgniter->handleRequest(null, Object(Config\Cache), false)
 9 FCPATH\index.php(67): CodeIgniter\CodeIgniter->run()
10 SYSTEMPATH\Commands\Server\rewrite.php(47): require_once('C:\\Users\\user\\Downloads\\Magang\\SEO\\Archidesign_bogem_CompanyProfile\\public\\index.php')
INFO - 2024-10-26 02:20:47 --> Session: Class initialized using 'CodeIgniter\Session\Handlers\FileHandler' driver.
ERROR - 2024-10-26 02:20:51 --> Error connecting to the database: mysqli_sql_exception: No connection could be made because the target machine actively refused it in C:\Users\user\Downloads\Magang\SEO\Archidesign_bogem_CompanyProfile\system\Database\MySQLi\Connection.php:174
Stack trace:
#0 C:\Users\user\Downloads\Magang\SEO\Archidesign_bogem_CompanyProfile\system\Database\MySQLi\Connection.php(174): mysqli->real_connect('localhost', 'root', '', 'u1658729_empatp...', 3306, '', 0)
#1 C:\Users\user\Downloads\Magang\SEO\Archidesign_bogem_CompanyProfile\system\Database\BaseConnection.php(391): CodeIgniter\Database\MySQLi\Connection->connect(false)
#2 C:\Users\user\Downloads\Magang\SEO\Archidesign_bogem_CompanyProfile\system\Database\BaseConnection.php(574): CodeIgniter\Database\BaseConnection->initialize()
#3 C:\Users\user\Downloads\Magang\SEO\Archidesign_bogem_CompanyProfile\system\Database\BaseBuilder.php(1616): CodeIgniter\Database\BaseConnection->query('SELECT *\nFROM `...', Array, false)
#4 C:\Users\user\Downloads\Magang\SEO\Archidesign_bogem_CompanyProfile\system\Model.php(241): CodeIgniter\Database\BaseBuilder->get()
#5 C:\Users\user\Downloads\Magang\SEO\Archidesign_bogem_CompanyProfile\system\BaseModel.php(618): CodeIgniter\Model->doFindAll(0, 0)
#6 C:\Users\user\Downloads\Magang\SEO\Archidesign_bogem_CompanyProfile\app\Controllers\user\Homectrl.php(35): CodeIgniter\BaseModel->findAll()
#7 C:\Users\user\Downloads\Magang\SEO\Archidesign_bogem_CompanyProfile\system\CodeIgniter.php(932): App\Controllers\user\Homectrl->index()
#8 C:\Users\user\Downloads\Magang\SEO\Archidesign_bogem_CompanyProfile\system\CodeIgniter.php(497): CodeIgniter\CodeIgniter->runController(Object(App\Controllers\user\Homectrl))
#9 C:\Users\user\Downloads\Magang\SEO\Archidesign_bogem_CompanyProfile\system\CodeIgniter.php(366): CodeIgniter\CodeIgniter->handleRequest(NULL, Object(Config\Cache), false)
#10 C:\Users\user\Downloads\Magang\SEO\Archidesign_bogem_CompanyProfile\public\index.php(67): CodeIgniter\CodeIgniter->run()
#11 C:\Users\user\Downloads\Magang\SEO\Archidesign_bogem_CompanyProfile\system\Commands\Server\rewrite.php(47): require_once('C:\\Users\\user\\D...')
#12 {main}

Next CodeIgniter\Database\Exceptions\DatabaseException: No connection could be made because the target machine actively refused it in C:\Users\user\Downloads\Magang\SEO\Archidesign_bogem_CompanyProfile\system\Database\MySQLi\Connection.php:218
Stack trace:
#0 C:\Users\user\Downloads\Magang\SEO\Archidesign_bogem_CompanyProfile\system\Database\BaseConnection.php(391): CodeIgniter\Database\MySQLi\Connection->connect(false)
#1 C:\Users\user\Downloads\Magang\SEO\Archidesign_bogem_CompanyProfile\system\Database\BaseConnection.php(574): CodeIgniter\Database\BaseConnection->initialize()
#2 C:\Users\user\Downloads\Magang\SEO\Archidesign_bogem_CompanyProfile\system\Database\BaseBuilder.php(1616): CodeIgniter\Database\BaseConnection->query('SELECT *\nFROM `...', Array, false)
#3 C:\Users\user\Downloads\Magang\SEO\Archidesign_bogem_CompanyProfile\system\Model.php(241): CodeIgniter\Database\BaseBuilder->get()
#4 C:\Users\user\Downloads\Magang\SEO\Archidesign_bogem_CompanyProfile\system\BaseModel.php(618): CodeIgniter\Model->doFindAll(0, 0)
#5 C:\Users\user\Downloads\Magang\SEO\Archidesign_bogem_CompanyProfile\app\Controllers\user\Homectrl.php(35): CodeIgniter\BaseModel->findAll()
#6 C:\Users\user\Downloads\Magang\SEO\Archidesign_bogem_CompanyProfile\system\CodeIgniter.php(932): App\Controllers\user\Homectrl->index()
#7 C:\Users\user\Downloads\Magang\SEO\Archidesign_bogem_CompanyProfile\system\CodeIgniter.php(497): CodeIgniter\CodeIgniter->runController(Object(App\Controllers\user\Homectrl))
#8 C:\Users\user\Downloads\Magang\SEO\Archidesign_bogem_CompanyProfile\system\CodeIgniter.php(366): CodeIgniter\CodeIgniter->handleRequest(NULL, Object(Config\Cache), false)
#9 C:\Users\user\Downloads\Magang\SEO\Archidesign_bogem_CompanyProfile\public\index.php(67): CodeIgniter\CodeIgniter->run()
#10 C:\Users\user\Downloads\Magang\SEO\Archidesign_bogem_CompanyProfile\system\Commands\Server\rewrite.php(47): require_once('C:\\Users\\user\\D...')
#11 {main}
CRITICAL - 2024-10-26 02:20:51 --> Unable to connect to the database.
Main connection [MySQLi]: No connection could be made because the target machine actively refused it
in SYSTEMPATH\Database\BaseConnection.php on line 427.
 1 SYSTEMPATH\Database\BaseConnection.php(574): CodeIgniter\Database\BaseConnection->initialize()
 2 SYSTEMPATH\Database\BaseBuilder.php(1616): CodeIgniter\Database\BaseConnection->query('SELECT *
FROM `tb_profil`', [], false)
 3 SYSTEMPATH\Model.php(241): CodeIgniter\Database\BaseBuilder->get()
 4 SYSTEMPATH\BaseModel.php(618): CodeIgniter\Model->doFindAll(0, 0)
 5 APPPATH\Controllers\user\Homectrl.php(35): CodeIgniter\BaseModel->findAll()
 6 SYSTEMPATH\CodeIgniter.php(932): App\Controllers\user\Homectrl->index()
 7 SYSTEMPATH\CodeIgniter.php(497): CodeIgniter\CodeIgniter->runController(Object(App\Controllers\user\Homectrl))
 8 SYSTEMPATH\CodeIgniter.php(366): CodeIgniter\CodeIgniter->handleRequest(null, Object(Config\Cache), false)
 9 FCPATH\index.php(67): CodeIgniter\CodeIgniter->run()
10 SYSTEMPATH\Commands\Server\rewrite.php(47): require_once('C:\\Users\\user\\Downloads\\Magang\\SEO\\Archidesign_bogem_CompanyProfile\\public\\index.php')
INFO - 2024-10-26 02:20:56 --> Session: Class initialized using 'CodeIgniter\Session\Handlers\FileHandler' driver.
INFO - 2024-10-26 02:21:21 --> Session: Class initialized using 'CodeIgniter\Session\Handlers\FileHandler' driver.
INFO - 2024-10-26 02:21:24 --> CSRF token verified.
INFO - 2024-10-26 02:21:24 --> Session: Class initialized using 'CodeIgniter\Session\Handlers\FileHandler' driver.
INFO - 2024-10-26 02:21:24 --> Session: Class initialized using 'CodeIgniter\Session\Handlers\FileHandler' driver.
INFO - 2024-10-26 02:21:28 --> Session: Class initialized using 'CodeIgniter\Session\Handlers\FileHandler' driver.
INFO - 2024-10-26 02:21:35 --> Session: Class initialized using 'CodeIgniter\Session\Handlers\FileHandler' driver.
INFO - 2024-10-26 02:21:55 --> CSRF token verified.
INFO - 2024-10-26 02:21:55 --> Session: Class initialized using 'CodeIgniter\Session\Handlers\FileHandler' driver.
INFO - 2024-10-26 02:21:58 --> Session: Class initialized using 'CodeIgniter\Session\Handlers\FileHandler' driver.
INFO - 2024-10-26 02:22:16 --> CSRF token verified.
INFO - 2024-10-26 02:22:16 --> Session: Class initialized using 'CodeIgniter\Session\Handlers\FileHandler' driver.
INFO - 2024-10-26 02:22:18 --> Session: Class initialized using 'CodeIgniter\Session\Handlers\FileHandler' driver.
INFO - 2024-10-26 02:22:21 --> Session: Class initialized using 'CodeIgniter\Session\Handlers\FileHandler' driver.
INFO - 2024-10-26 02:22:24 --> Session: Class initialized using 'CodeIgniter\Session\Handlers\FileHandler' driver.
INFO - 2024-10-26 02:22:31 --> Session: Class initialized using 'CodeIgniter\Session\Handlers\FileHandler' driver.
INFO - 2024-10-26 02:23:28 --> Session: Class initialized using 'CodeIgniter\Session\Handlers\FileHandler' driver.
INFO - 2024-10-26 02:23:35 --> Session: Class initialized using 'CodeIgniter\Session\Handlers\FileHandler' driver.
INFO - 2024-10-26 02:23:36 --> Session: Class initialized using 'CodeIgniter\Session\Handlers\FileHandler' driver.
INFO - 2024-10-26 02:23:38 --> Session: Class initialized using 'CodeIgniter\Session\Handlers\FileHandler' driver.
INFO - 2024-10-26 02:31:30 --> Session: Class initialized using 'CodeIgniter\Session\Handlers\FileHandler' driver.
INFO - 2024-10-26 02:31:39 --> Session: Class initialized using 'CodeIgniter\Session\Handlers\FileHandler' driver.
INFO - 2024-10-26 02:31:47 --> Session: Class initialized using 'CodeIgniter\Session\Handlers\FileHandler' driver.
INFO - 2024-10-26 02:31:48 --> Session: Class initialized using 'CodeIgniter\Session\Handlers\FileHandler' driver.
INFO - 2024-10-26 02:33:52 --> Session: Class initialized using 'CodeIgniter\Session\Handlers\FileHandler' driver.
INFO - 2024-10-26 02:33:52 --> Session: Class initialized using 'CodeIgniter\Session\Handlers\FileHandler' driver.
INFO - 2024-10-26 02:33:56 --> Session: Class initialized using 'CodeIgniter\Session\Handlers\FileHandler' driver.
