INFO - 2024-11-01 00:59:04 --> Session: Class initialized using 'CodeIgniter\Session\Handlers\FileHandler' driver.
INFO - 2024-11-01 00:59:19 --> Session: Class initialized using 'CodeIgniter\Session\Handlers\FileHandler' driver.
INFO - 2024-11-01 01:07:31 --> Session: Class initialized using 'CodeIgniter\Session\Handlers\FileHandler' driver.
INFO - 2024-11-01 01:07:33 --> Session: Class initialized using 'CodeIgniter\Session\Handlers\FileHandler' driver.
INFO - 2024-11-01 01:31:36 --> Session: Class initialized using 'CodeIgniter\Session\Handlers\FileHandler' driver.
INFO - 2024-11-01 01:31:37 --> Session: Class initialized using 'CodeIgniter\Session\Handlers\FileHandler' driver.
INFO - 2024-11-01 01:32:20 --> Session: Class initialized using 'CodeIgniter\Session\Handlers\FileHandler' driver.
INFO - 2024-11-01 01:32:21 --> Session: Class initialized using 'CodeIgniter\Session\Handlers\FileHandler' driver.
INFO - 2024-11-01 02:14:16 --> Session: Class initialized using 'CodeIgniter\Session\Handlers\FileHandler' driver.
INFO - 2024-11-01 02:14:17 --> Session: Class initialized using 'CodeIgniter\Session\Handlers\FileHandler' driver.
INFO - 2024-11-01 02:14:24 --> Session: Class initialized using 'CodeIgniter\Session\Handlers\FileHandler' driver.
INFO - 2024-11-01 02:21:52 --> Session: Class initialized using 'CodeIgniter\Session\Handlers\FileHandler' driver.
INFO - 2024-11-01 02:28:10 --> Session: Class initialized using 'CodeIgniter\Session\Handlers\FileHandler' driver.
INFO - 2024-11-01 02:28:11 --> Session: Class initialized using 'CodeIgniter\Session\Handlers\FileHandler' driver.
INFO - 2024-11-01 02:32:33 --> Session: Class initialized using 'CodeIgniter\Session\Handlers\FileHandler' driver.
INFO - 2024-11-01 02:32:34 --> Session: Class initialized using 'CodeIgniter\Session\Handlers\FileHandler' driver.
INFO - 2024-11-01 02:32:35 --> Session: Class initialized using 'CodeIgniter\Session\Handlers\FileHandler' driver.
INFO - 2024-11-01 02:32:38 --> Session: Class initialized using 'CodeIgniter\Session\Handlers\FileHandler' driver.
INFO - 2024-11-01 02:32:38 --> Session: Class initialized using 'CodeIgniter\Session\Handlers\FileHandler' driver.
INFO - 2024-11-01 02:32:56 --> Session: Class initialized using 'CodeIgniter\Session\Handlers\FileHandler' driver.
INFO - 2024-11-01 02:32:57 --> Session: Class initialized using 'CodeIgniter\Session\Handlers\FileHandler' driver.
INFO - 2024-11-01 02:39:51 --> Session: Class initialized using 'CodeIgniter\Session\Handlers\FileHandler' driver.
INFO - 2024-11-01 02:39:54 --> Session: Class initialized using 'CodeIgniter\Session\Handlers\FileHandler' driver.
INFO - 2024-11-01 02:39:58 --> Session: Class initialized using 'CodeIgniter\Session\Handlers\FileHandler' driver.
INFO - 2024-11-01 02:39:59 --> Session: Class initialized using 'CodeIgniter\Session\Handlers\FileHandler' driver.
INFO - 2024-11-01 02:41:27 --> Session: Class initialized using 'CodeIgniter\Session\Handlers\FileHandler' driver.
INFO - 2024-11-01 02:41:33 --> Session: Class initialized using 'CodeIgniter\Session\Handlers\FileHandler' driver.
INFO - 2024-11-01 02:44:32 --> Session: Class initialized using 'CodeIgniter\Session\Handlers\FileHandler' driver.
ERROR - 2024-11-01 02:44:32 --> mysqli_sql_exception: Unknown column 'feature' in 'where clause' in C:\Users\user\Downloads\Magang\SEO\Archidesign_bogem_CompanyProfile\system\Database\MySQLi\Connection.php:295
Stack trace:
#0 C:\Users\user\Downloads\Magang\SEO\Archidesign_bogem_CompanyProfile\system\Database\MySQLi\Connection.php(295): mysqli->query('SELECT *\nFROM `...', 0)
#1 C:\Users\user\Downloads\Magang\SEO\Archidesign_bogem_CompanyProfile\system\Database\BaseConnection.php(692): CodeIgniter\Database\MySQLi\Connection->execute('SELECT *\nFROM `...')
#2 C:\Users\user\Downloads\Magang\SEO\Archidesign_bogem_CompanyProfile\system\Database\BaseConnection.php(606): CodeIgniter\Database\BaseConnection->simpleQuery('SELECT *\nFROM `...')
#3 C:\Users\user\Downloads\Magang\SEO\Archidesign_bogem_CompanyProfile\system\Database\BaseBuilder.php(1616): CodeIgniter\Database\BaseConnection->query('SELECT *\nFROM `...', Array, false)
#4 C:\Users\user\Downloads\Magang\SEO\Archidesign_bogem_CompanyProfile\system\Model.php(268): CodeIgniter\Database\BaseBuilder->get()
#5 C:\Users\user\Downloads\Magang\SEO\Archidesign_bogem_CompanyProfile\system\BaseModel.php(656): CodeIgniter\Model->doFirst()
#6 C:\Users\user\Downloads\Magang\SEO\Archidesign_bogem_CompanyProfile\app\Controllers\user\Homectrl.php(46): CodeIgniter\BaseModel->first()
#7 C:\Users\user\Downloads\Magang\SEO\Archidesign_bogem_CompanyProfile\system\CodeIgniter.php(932): App\Controllers\user\Homectrl->index()
#8 C:\Users\user\Downloads\Magang\SEO\Archidesign_bogem_CompanyProfile\system\CodeIgniter.php(497): CodeIgniter\CodeIgniter->runController(Object(App\Controllers\user\Homectrl))
#9 C:\Users\user\Downloads\Magang\SEO\Archidesign_bogem_CompanyProfile\system\CodeIgniter.php(366): CodeIgniter\CodeIgniter->handleRequest(NULL, Object(Config\Cache), false)
#10 C:\Users\user\Downloads\Magang\SEO\Archidesign_bogem_CompanyProfile\public\index.php(67): CodeIgniter\CodeIgniter->run()
#11 C:\Users\user\Downloads\Magang\SEO\Archidesign_bogem_CompanyProfile\system\Commands\Server\rewrite.php(47): require_once('C:\\Users\\user\\D...')
#12 {main}
CRITICAL - 2024-11-01 02:44:32 --> Unknown column 'feature' in 'where clause'
in SYSTEMPATH\Database\MySQLi\Connection.php on line 295.
 1 SYSTEMPATH\Database\MySQLi\Connection.php(295): mysqli->query('SELECT *
FROM `tb_meta`
WHERE `feature` = \'home\'
 LIMIT 1', 0)
 2 SYSTEMPATH\Database\BaseConnection.php(692): CodeIgniter\Database\MySQLi\Connection->execute('SELECT *
FROM `tb_meta`
WHERE `feature` = \'home\'
 LIMIT 1')
 3 SYSTEMPATH\Database\BaseConnection.php(606): CodeIgniter\Database\BaseConnection->simpleQuery('SELECT *
FROM `tb_meta`
WHERE `feature` = \'home\'
 LIMIT 1')
 4 SYSTEMPATH\Database\BaseBuilder.php(1616): CodeIgniter\Database\BaseConnection->query('SELECT *
FROM `tb_meta`
WHERE `feature` = :feature:
 LIMIT 1', [...], false)
 5 SYSTEMPATH\Model.php(268): CodeIgniter\Database\BaseBuilder->get()
 6 SYSTEMPATH\BaseModel.php(656): CodeIgniter\Model->doFirst()
 7 APPPATH\Controllers\user\Homectrl.php(46): CodeIgniter\BaseModel->first()
 8 SYSTEMPATH\CodeIgniter.php(932): App\Controllers\user\Homectrl->index()
 9 SYSTEMPATH\CodeIgniter.php(497): CodeIgniter\CodeIgniter->runController(Object(App\Controllers\user\Homectrl))
10 SYSTEMPATH\CodeIgniter.php(366): CodeIgniter\CodeIgniter->handleRequest(null, Object(Config\Cache), false)
11 FCPATH\index.php(67): CodeIgniter\CodeIgniter->run()
12 SYSTEMPATH\Commands\Server\rewrite.php(47): require_once('C:\\Users\\user\\Downloads\\Magang\\SEO\\Archidesign_bogem_CompanyProfile\\public\\index.php')
INFO - 2024-11-01 02:44:34 --> Session: Class initialized using 'CodeIgniter\Session\Handlers\FileHandler' driver.
ERROR - 2024-11-01 02:44:34 --> mysqli_sql_exception: Unknown column 'feature' in 'where clause' in C:\Users\user\Downloads\Magang\SEO\Archidesign_bogem_CompanyProfile\system\Database\MySQLi\Connection.php:295
Stack trace:
#0 C:\Users\user\Downloads\Magang\SEO\Archidesign_bogem_CompanyProfile\system\Database\MySQLi\Connection.php(295): mysqli->query('SELECT *\nFROM `...', 0)
#1 C:\Users\user\Downloads\Magang\SEO\Archidesign_bogem_CompanyProfile\system\Database\BaseConnection.php(692): CodeIgniter\Database\MySQLi\Connection->execute('SELECT *\nFROM `...')
#2 C:\Users\user\Downloads\Magang\SEO\Archidesign_bogem_CompanyProfile\system\Database\BaseConnection.php(606): CodeIgniter\Database\BaseConnection->simpleQuery('SELECT *\nFROM `...')
#3 C:\Users\user\Downloads\Magang\SEO\Archidesign_bogem_CompanyProfile\system\Database\BaseBuilder.php(1616): CodeIgniter\Database\BaseConnection->query('SELECT *\nFROM `...', Array, false)
#4 C:\Users\user\Downloads\Magang\SEO\Archidesign_bogem_CompanyProfile\system\Model.php(268): CodeIgniter\Database\BaseBuilder->get()
#5 C:\Users\user\Downloads\Magang\SEO\Archidesign_bogem_CompanyProfile\system\BaseModel.php(656): CodeIgniter\Model->doFirst()
#6 C:\Users\user\Downloads\Magang\SEO\Archidesign_bogem_CompanyProfile\app\Controllers\user\Homectrl.php(46): CodeIgniter\BaseModel->first()
#7 C:\Users\user\Downloads\Magang\SEO\Archidesign_bogem_CompanyProfile\system\CodeIgniter.php(932): App\Controllers\user\Homectrl->index()
#8 C:\Users\user\Downloads\Magang\SEO\Archidesign_bogem_CompanyProfile\system\CodeIgniter.php(497): CodeIgniter\CodeIgniter->runController(Object(App\Controllers\user\Homectrl))
#9 C:\Users\user\Downloads\Magang\SEO\Archidesign_bogem_CompanyProfile\system\CodeIgniter.php(366): CodeIgniter\CodeIgniter->handleRequest(NULL, Object(Config\Cache), false)
#10 C:\Users\user\Downloads\Magang\SEO\Archidesign_bogem_CompanyProfile\public\index.php(67): CodeIgniter\CodeIgniter->run()
#11 C:\Users\user\Downloads\Magang\SEO\Archidesign_bogem_CompanyProfile\system\Commands\Server\rewrite.php(47): require_once('C:\\Users\\user\\D...')
#12 {main}
CRITICAL - 2024-11-01 02:44:34 --> Unknown column 'feature' in 'where clause'
in SYSTEMPATH\Database\MySQLi\Connection.php on line 295.
 1 SYSTEMPATH\Database\MySQLi\Connection.php(295): mysqli->query('SELECT *
FROM `tb_meta`
WHERE `feature` = \'home\'
 LIMIT 1', 0)
 2 SYSTEMPATH\Database\BaseConnection.php(692): CodeIgniter\Database\MySQLi\Connection->execute('SELECT *
FROM `tb_meta`
WHERE `feature` = \'home\'
 LIMIT 1')
 3 SYSTEMPATH\Database\BaseConnection.php(606): CodeIgniter\Database\BaseConnection->simpleQuery('SELECT *
FROM `tb_meta`
WHERE `feature` = \'home\'
 LIMIT 1')
 4 SYSTEMPATH\Database\BaseBuilder.php(1616): CodeIgniter\Database\BaseConnection->query('SELECT *
FROM `tb_meta`
WHERE `feature` = :feature:
 LIMIT 1', [...], false)
 5 SYSTEMPATH\Model.php(268): CodeIgniter\Database\BaseBuilder->get()
 6 SYSTEMPATH\BaseModel.php(656): CodeIgniter\Model->doFirst()
 7 APPPATH\Controllers\user\Homectrl.php(46): CodeIgniter\BaseModel->first()
 8 SYSTEMPATH\CodeIgniter.php(932): App\Controllers\user\Homectrl->index()
 9 SYSTEMPATH\CodeIgniter.php(497): CodeIgniter\CodeIgniter->runController(Object(App\Controllers\user\Homectrl))
10 SYSTEMPATH\CodeIgniter.php(366): CodeIgniter\CodeIgniter->handleRequest(null, Object(Config\Cache), false)
11 FCPATH\index.php(67): CodeIgniter\CodeIgniter->run()
12 SYSTEMPATH\Commands\Server\rewrite.php(47): require_once('C:\\Users\\user\\Downloads\\Magang\\SEO\\Archidesign_bogem_CompanyProfile\\public\\index.php')
INFO - 2024-11-01 02:44:59 --> Session: Class initialized using 'CodeIgniter\Session\Handlers\FileHandler' driver.
ERROR - 2024-11-01 02:44:59 --> mysqli_sql_exception: Unknown column 'feature' in 'where clause' in C:\Users\user\Downloads\Magang\SEO\Archidesign_bogem_CompanyProfile\system\Database\MySQLi\Connection.php:295
Stack trace:
#0 C:\Users\user\Downloads\Magang\SEO\Archidesign_bogem_CompanyProfile\system\Database\MySQLi\Connection.php(295): mysqli->query('SELECT *\nFROM `...', 0)
#1 C:\Users\user\Downloads\Magang\SEO\Archidesign_bogem_CompanyProfile\system\Database\BaseConnection.php(692): CodeIgniter\Database\MySQLi\Connection->execute('SELECT *\nFROM `...')
#2 C:\Users\user\Downloads\Magang\SEO\Archidesign_bogem_CompanyProfile\system\Database\BaseConnection.php(606): CodeIgniter\Database\BaseConnection->simpleQuery('SELECT *\nFROM `...')
#3 C:\Users\user\Downloads\Magang\SEO\Archidesign_bogem_CompanyProfile\system\Database\BaseBuilder.php(1616): CodeIgniter\Database\BaseConnection->query('SELECT *\nFROM `...', Array, false)
#4 C:\Users\user\Downloads\Magang\SEO\Archidesign_bogem_CompanyProfile\system\Model.php(268): CodeIgniter\Database\BaseBuilder->get()
#5 C:\Users\user\Downloads\Magang\SEO\Archidesign_bogem_CompanyProfile\system\BaseModel.php(656): CodeIgniter\Model->doFirst()
#6 C:\Users\user\Downloads\Magang\SEO\Archidesign_bogem_CompanyProfile\app\Controllers\user\Homectrl.php(46): CodeIgniter\BaseModel->first()
#7 C:\Users\user\Downloads\Magang\SEO\Archidesign_bogem_CompanyProfile\system\CodeIgniter.php(932): App\Controllers\user\Homectrl->index()
#8 C:\Users\user\Downloads\Magang\SEO\Archidesign_bogem_CompanyProfile\system\CodeIgniter.php(497): CodeIgniter\CodeIgniter->runController(Object(App\Controllers\user\Homectrl))
#9 C:\Users\user\Downloads\Magang\SEO\Archidesign_bogem_CompanyProfile\system\CodeIgniter.php(366): CodeIgniter\CodeIgniter->handleRequest(NULL, Object(Config\Cache), false)
#10 C:\Users\user\Downloads\Magang\SEO\Archidesign_bogem_CompanyProfile\public\index.php(67): CodeIgniter\CodeIgniter->run()
#11 C:\Users\user\Downloads\Magang\SEO\Archidesign_bogem_CompanyProfile\system\Commands\Server\rewrite.php(47): require_once('C:\\Users\\user\\D...')
#12 {main}
CRITICAL - 2024-11-01 02:44:59 --> Unknown column 'feature' in 'where clause'
in SYSTEMPATH\Database\MySQLi\Connection.php on line 295.
 1 SYSTEMPATH\Database\MySQLi\Connection.php(295): mysqli->query('SELECT *
FROM `tb_meta`
WHERE `feature` = \'Beranda\'
 LIMIT 1', 0)
 2 SYSTEMPATH\Database\BaseConnection.php(692): CodeIgniter\Database\MySQLi\Connection->execute('SELECT *
FROM `tb_meta`
WHERE `feature` = \'Beranda\'
 LIMIT 1')
 3 SYSTEMPATH\Database\BaseConnection.php(606): CodeIgniter\Database\BaseConnection->simpleQuery('SELECT *
FROM `tb_meta`
WHERE `feature` = \'Beranda\'
 LIMIT 1')
 4 SYSTEMPATH\Database\BaseBuilder.php(1616): CodeIgniter\Database\BaseConnection->query('SELECT *
FROM `tb_meta`
WHERE `feature` = :feature:
 LIMIT 1', [...], false)
 5 SYSTEMPATH\Model.php(268): CodeIgniter\Database\BaseBuilder->get()
 6 SYSTEMPATH\BaseModel.php(656): CodeIgniter\Model->doFirst()
 7 APPPATH\Controllers\user\Homectrl.php(46): CodeIgniter\BaseModel->first()
 8 SYSTEMPATH\CodeIgniter.php(932): App\Controllers\user\Homectrl->index()
 9 SYSTEMPATH\CodeIgniter.php(497): CodeIgniter\CodeIgniter->runController(Object(App\Controllers\user\Homectrl))
10 SYSTEMPATH\CodeIgniter.php(366): CodeIgniter\CodeIgniter->handleRequest(null, Object(Config\Cache), false)
11 FCPATH\index.php(67): CodeIgniter\CodeIgniter->run()
12 SYSTEMPATH\Commands\Server\rewrite.php(47): require_once('C:\\Users\\user\\Downloads\\Magang\\SEO\\Archidesign_bogem_CompanyProfile\\public\\index.php')
INFO - 2024-11-01 02:45:19 --> Session: Class initialized using 'CodeIgniter\Session\Handlers\FileHandler' driver.
ERROR - 2024-11-01 02:45:19 --> mysqli_sql_exception: Unknown column 'feature' in 'where clause' in C:\Users\user\Downloads\Magang\SEO\Archidesign_bogem_CompanyProfile\system\Database\MySQLi\Connection.php:295
Stack trace:
#0 C:\Users\user\Downloads\Magang\SEO\Archidesign_bogem_CompanyProfile\system\Database\MySQLi\Connection.php(295): mysqli->query('SELECT *\nFROM `...', 0)
#1 C:\Users\user\Downloads\Magang\SEO\Archidesign_bogem_CompanyProfile\system\Database\BaseConnection.php(692): CodeIgniter\Database\MySQLi\Connection->execute('SELECT *\nFROM `...')
#2 C:\Users\user\Downloads\Magang\SEO\Archidesign_bogem_CompanyProfile\system\Database\BaseConnection.php(606): CodeIgniter\Database\BaseConnection->simpleQuery('SELECT *\nFROM `...')
#3 C:\Users\user\Downloads\Magang\SEO\Archidesign_bogem_CompanyProfile\system\Database\BaseBuilder.php(1616): CodeIgniter\Database\BaseConnection->query('SELECT *\nFROM `...', Array, false)
#4 C:\Users\user\Downloads\Magang\SEO\Archidesign_bogem_CompanyProfile\system\Model.php(268): CodeIgniter\Database\BaseBuilder->get()
#5 C:\Users\user\Downloads\Magang\SEO\Archidesign_bogem_CompanyProfile\system\BaseModel.php(656): CodeIgniter\Model->doFirst()
#6 C:\Users\user\Downloads\Magang\SEO\Archidesign_bogem_CompanyProfile\app\Controllers\user\Homectrl.php(48): CodeIgniter\BaseModel->first()
#7 C:\Users\user\Downloads\Magang\SEO\Archidesign_bogem_CompanyProfile\system\CodeIgniter.php(932): App\Controllers\user\Homectrl->index()
#8 C:\Users\user\Downloads\Magang\SEO\Archidesign_bogem_CompanyProfile\system\CodeIgniter.php(497): CodeIgniter\CodeIgniter->runController(Object(App\Controllers\user\Homectrl))
#9 C:\Users\user\Downloads\Magang\SEO\Archidesign_bogem_CompanyProfile\system\CodeIgniter.php(366): CodeIgniter\CodeIgniter->handleRequest(NULL, Object(Config\Cache), false)
#10 C:\Users\user\Downloads\Magang\SEO\Archidesign_bogem_CompanyProfile\public\index.php(67): CodeIgniter\CodeIgniter->run()
#11 C:\Users\user\Downloads\Magang\SEO\Archidesign_bogem_CompanyProfile\system\Commands\Server\rewrite.php(47): require_once('C:\\Users\\user\\D...')
#12 {main}
CRITICAL - 2024-11-01 02:45:19 --> Unknown column 'feature' in 'where clause'
in SYSTEMPATH\Database\MySQLi\Connection.php on line 295.
 1 SYSTEMPATH\Database\MySQLi\Connection.php(295): mysqli->query('SELECT *
FROM `tb_meta`
WHERE `feature` = \'home\'
 LIMIT 1', 0)
 2 SYSTEMPATH\Database\BaseConnection.php(692): CodeIgniter\Database\MySQLi\Connection->execute('SELECT *
FROM `tb_meta`
WHERE `feature` = \'home\'
 LIMIT 1')
 3 SYSTEMPATH\Database\BaseConnection.php(606): CodeIgniter\Database\BaseConnection->simpleQuery('SELECT *
FROM `tb_meta`
WHERE `feature` = \'home\'
 LIMIT 1')
 4 SYSTEMPATH\Database\BaseBuilder.php(1616): CodeIgniter\Database\BaseConnection->query('SELECT *
FROM `tb_meta`
WHERE `feature` = :feature:
 LIMIT 1', [...], false)
 5 SYSTEMPATH\Model.php(268): CodeIgniter\Database\BaseBuilder->get()
 6 SYSTEMPATH\BaseModel.php(656): CodeIgniter\Model->doFirst()
 7 APPPATH\Controllers\user\Homectrl.php(48): CodeIgniter\BaseModel->first()
 8 SYSTEMPATH\CodeIgniter.php(932): App\Controllers\user\Homectrl->index()
 9 SYSTEMPATH\CodeIgniter.php(497): CodeIgniter\CodeIgniter->runController(Object(App\Controllers\user\Homectrl))
10 SYSTEMPATH\CodeIgniter.php(366): CodeIgniter\CodeIgniter->handleRequest(null, Object(Config\Cache), false)
11 FCPATH\index.php(67): CodeIgniter\CodeIgniter->run()
12 SYSTEMPATH\Commands\Server\rewrite.php(47): require_once('C:\\Users\\user\\Downloads\\Magang\\SEO\\Archidesign_bogem_CompanyProfile\\public\\index.php')
INFO - 2024-11-01 02:45:23 --> Session: Class initialized using 'CodeIgniter\Session\Handlers\FileHandler' driver.
INFO - 2024-11-01 02:45:25 --> Session: Class initialized using 'CodeIgniter\Session\Handlers\FileHandler' driver.
INFO - 2024-11-01 02:51:01 --> Session: Class initialized using 'CodeIgniter\Session\Handlers\FileHandler' driver.
INFO - 2024-11-01 02:53:13 --> Session: Class initialized using 'CodeIgniter\Session\Handlers\FileHandler' driver.
INFO - 2024-11-01 02:53:14 --> Session: Class initialized using 'CodeIgniter\Session\Handlers\FileHandler' driver.
INFO - 2024-11-01 02:58:09 --> Session: Class initialized using 'CodeIgniter\Session\Handlers\FileHandler' driver.
INFO - 2024-11-01 02:58:11 --> Session: Class initialized using 'CodeIgniter\Session\Handlers\FileHandler' driver.
INFO - 2024-11-01 02:58:12 --> Session: Class initialized using 'CodeIgniter\Session\Handlers\FileHandler' driver.
INFO - 2024-11-01 02:59:12 --> Session: Class initialized using 'CodeIgniter\Session\Handlers\FileHandler' driver.
INFO - 2024-11-01 02:59:14 --> Session: Class initialized using 'CodeIgniter\Session\Handlers\FileHandler' driver.
INFO - 2024-11-01 03:07:23 --> Session: Class initialized using 'CodeIgniter\Session\Handlers\FileHandler' driver.
INFO - 2024-11-01 03:07:23 --> Session: Class initialized using 'CodeIgniter\Session\Handlers\FileHandler' driver.
INFO - 2024-11-01 03:07:26 --> Session: Class initialized using 'CodeIgniter\Session\Handlers\FileHandler' driver.
INFO - 2024-11-01 03:07:29 --> Session: Class initialized using 'CodeIgniter\Session\Handlers\FileHandler' driver.
INFO - 2024-11-01 03:07:51 --> Session: Class initialized using 'CodeIgniter\Session\Handlers\FileHandler' driver.
INFO - 2024-11-01 03:08:22 --> Session: Class initialized using 'CodeIgniter\Session\Handlers\FileHandler' driver.
INFO - 2024-11-01 03:08:24 --> Session: Class initialized using 'CodeIgniter\Session\Handlers\FileHandler' driver.
INFO - 2024-11-01 03:08:25 --> Session: Class initialized using 'CodeIgniter\Session\Handlers\FileHandler' driver.
INFO - 2024-11-01 04:00:04 --> Session: Class initialized using 'CodeIgniter\Session\Handlers\FileHandler' driver.
INFO - 2024-11-01 04:00:08 --> Session: Class initialized using 'CodeIgniter\Session\Handlers\FileHandler' driver.
INFO - 2024-11-01 04:03:22 --> Session: Class initialized using 'CodeIgniter\Session\Handlers\FileHandler' driver.
