INFO - 2024-06-11 00:14:31 --> Session: Class initialized using 'CodeIgniter\Session\Handlers\FileHandler' driver.
INFO - 2024-06-11 00:43:23 --> Session: Class initialized using 'CodeIgniter\Session\Handlers\FileHandler' driver.
INFO - 2024-06-11 01:14:24 --> Session: Class initialized using 'CodeIgniter\Session\Handlers\FileHandler' driver.
INFO - 2024-06-11 01:51:45 --> Session: Class initialized using 'CodeIgniter\Session\Handlers\FileHandler' driver.
INFO - 2024-06-11 03:25:40 --> Session: Class initialized using 'CodeIgniter\Session\Handlers\FileHandler' driver.
INFO - 2024-06-11 03:43:36 --> Session: Class initialized using 'CodeIgniter\Session\Handlers\FileHandler' driver.
INFO - 2024-06-11 04:14:23 --> Session: Class initialized using 'CodeIgniter\Session\Handlers\FileHandler' driver.
INFO - 2024-06-11 04:44:20 --> Session: Class initialized using 'CodeIgniter\Session\Handlers\FileHandler' driver.
INFO - 2024-06-11 05:14:28 --> Session: Class initialized using 'CodeIgniter\Session\Handlers\FileHandler' driver.
INFO - 2024-06-11 05:43:08 --> Session: Class initialized using 'CodeIgniter\Session\Handlers\FileHandler' driver.
INFO - 2024-06-11 06:14:26 --> Session: Class initialized using 'CodeIgniter\Session\Handlers\FileHandler' driver.
INFO - 2024-06-11 06:15:46 --> Session: Class initialized using 'CodeIgniter\Session\Handlers\FileHandler' driver.
INFO - 2024-06-11 06:16:20 --> Session: Class initialized using 'CodeIgniter\Session\Handlers\FileHandler' driver.
INFO - 2024-06-11 06:16:25 --> Session: Class initialized using 'CodeIgniter\Session\Handlers\FileHandler' driver.
INFO - 2024-06-11 06:43:31 --> Session: Class initialized using 'CodeIgniter\Session\Handlers\FileHandler' driver.
INFO - 2024-06-11 06:50:46 --> Session: Class initialized using 'CodeIgniter\Session\Handlers\FileHandler' driver.
INFO - 2024-06-11 07:14:55 --> Session: Class initialized using 'CodeIgniter\Session\Handlers\FileHandler' driver.
INFO - 2024-06-11 07:28:58 --> Session: Class initialized using 'CodeIgniter\Session\Handlers\FileHandler' driver.
INFO - 2024-06-11 07:45:02 --> Session: Class initialized using 'CodeIgniter\Session\Handlers\FileHandler' driver.
INFO - 2024-06-11 08:14:44 --> Session: Class initialized using 'CodeIgniter\Session\Handlers\FileHandler' driver.
INFO - 2024-06-11 08:45:15 --> Session: Class initialized using 'CodeIgniter\Session\Handlers\FileHandler' driver.
INFO - 2024-06-11 09:13:48 --> Session: Class initialized using 'CodeIgniter\Session\Handlers\FileHandler' driver.
INFO - 2024-06-11 09:46:45 --> Session: Class initialized using 'CodeIgniter\Session\Handlers\FileHandler' driver.
INFO - 2024-06-11 10:14:24 --> Session: Class initialized using 'CodeIgniter\Session\Handlers\FileHandler' driver.
INFO - 2024-06-11 10:44:06 --> Session: Class initialized using 'CodeIgniter\Session\Handlers\FileHandler' driver.
INFO - 2024-06-11 11:15:29 --> Session: Class initialized using 'CodeIgniter\Session\Handlers\FileHandler' driver.
INFO - 2024-06-11 11:45:21 --> Session: Class initialized using 'CodeIgniter\Session\Handlers\FileHandler' driver.
INFO - 2024-06-11 12:15:13 --> Session: Class initialized using 'CodeIgniter\Session\Handlers\FileHandler' driver.
INFO - 2024-06-11 12:45:38 --> Session: Class initialized using 'CodeIgniter\Session\Handlers\FileHandler' driver.
INFO - 2024-06-11 13:14:53 --> Session: Class initialized using 'CodeIgniter\Session\Handlers\FileHandler' driver.
INFO - 2024-06-11 13:44:44 --> Session: Class initialized using 'CodeIgniter\Session\Handlers\FileHandler' driver.
INFO - 2024-06-11 14:15:39 --> Session: Class initialized using 'CodeIgniter\Session\Handlers\FileHandler' driver.
INFO - 2024-06-11 14:45:16 --> Session: Class initialized using 'CodeIgniter\Session\Handlers\FileHandler' driver.
INFO - 2024-06-11 15:15:35 --> Session: Class initialized using 'CodeIgniter\Session\Handlers\FileHandler' driver.
INFO - 2024-06-11 15:45:45 --> Session: Class initialized using 'CodeIgniter\Session\Handlers\FileHandler' driver.
INFO - 2024-06-11 16:15:55 --> Session: Class initialized using 'CodeIgniter\Session\Handlers\FileHandler' driver.
INFO - 2024-06-11 16:44:55 --> Session: Class initialized using 'CodeIgniter\Session\Handlers\FileHandler' driver.
INFO - 2024-06-11 17:16:06 --> Session: Class initialized using 'CodeIgniter\Session\Handlers\FileHandler' driver.
INFO - 2024-06-11 17:44:16 --> Session: Class initialized using 'CodeIgniter\Session\Handlers\FileHandler' driver.
ERROR - 2024-06-11 17:44:16 --> Error connecting to the database: mysqli_sql_exception: Resource temporarily unavailable in /home/u1658729/public_html/bogem.kadinkotamalang.com/42/system/Database/MySQLi/Connection.php:174
Stack trace:
#0 /home/u1658729/public_html/bogem.kadinkotamalang.com/42/system/Database/MySQLi/Connection.php(174): mysqli->real_connect()
#1 /home/u1658729/public_html/bogem.kadinkotamalang.com/42/system/Database/BaseConnection.php(391): CodeIgniter\Database\MySQLi\Connection->connect()
#2 /home/u1658729/public_html/bogem.kadinkotamalang.com/42/system/Database/BaseConnection.php(574): CodeIgniter\Database\BaseConnection->initialize()
#3 /home/u1658729/public_html/bogem.kadinkotamalang.com/42/system/Database/BaseBuilder.php(1616): CodeIgniter\Database\BaseConnection->query()
#4 /home/u1658729/public_html/bogem.kadinkotamalang.com/42/system/Model.php(241): CodeIgniter\Database\BaseBuilder->get()
#5 /home/u1658729/public_html/bogem.kadinkotamalang.com/42/system/BaseModel.php(618): CodeIgniter\Model->doFindAll()
#6 /home/u1658729/public_html/bogem.kadinkotamalang.com/42/app/Controllers/user/Homectrl.php(28): CodeIgniter\BaseModel->findAll()
#7 /home/u1658729/public_html/bogem.kadinkotamalang.com/42/system/CodeIgniter.php(932): App\Controllers\user\Homectrl->index()
#8 /home/u1658729/public_html/bogem.kadinkotamalang.com/42/system/CodeIgniter.php(497): CodeIgniter\CodeIgniter->runController()
#9 /home/u1658729/public_html/bogem.kadinkotamalang.com/42/system/CodeIgniter.php(366): CodeIgniter\CodeIgniter->handleRequest()
#10 /home/u1658729/public_html/bogem.kadinkotamalang.com/index.php(67): CodeIgniter\CodeIgniter->run()
#11 {main}

Next CodeIgniter\Database\Exceptions\DatabaseException: Resource temporarily unavailable in /home/u1658729/public_html/bogem.kadinkotamalang.com/42/system/Database/MySQLi/Connection.php:218
Stack trace:
#0 /home/u1658729/public_html/bogem.kadinkotamalang.com/42/system/Database/BaseConnection.php(391): CodeIgniter\Database\MySQLi\Connection->connect()
#1 /home/u1658729/public_html/bogem.kadinkotamalang.com/42/system/Database/BaseConnection.php(574): CodeIgniter\Database\BaseConnection->initialize()
#2 /home/u1658729/public_html/bogem.kadinkotamalang.com/42/system/Database/BaseBuilder.php(1616): CodeIgniter\Database\BaseConnection->query()
#3 /home/u1658729/public_html/bogem.kadinkotamalang.com/42/system/Model.php(241): CodeIgniter\Database\BaseBuilder->get()
#4 /home/u1658729/public_html/bogem.kadinkotamalang.com/42/system/BaseModel.php(618): CodeIgniter\Model->doFindAll()
#5 /home/u1658729/public_html/bogem.kadinkotamalang.com/42/app/Controllers/user/Homectrl.php(28): CodeIgniter\BaseModel->findAll()
#6 /home/u1658729/public_html/bogem.kadinkotamalang.com/42/system/CodeIgniter.php(932): App\Controllers\user\Homectrl->index()
#7 /home/u1658729/public_html/bogem.kadinkotamalang.com/42/system/CodeIgniter.php(497): CodeIgniter\CodeIgniter->runController()
#8 /home/u1658729/public_html/bogem.kadinkotamalang.com/42/system/CodeIgniter.php(366): CodeIgniter\CodeIgniter->handleRequest()
#9 /home/u1658729/public_html/bogem.kadinkotamalang.com/index.php(67): CodeIgniter\CodeIgniter->run()
#10 {main}
CRITICAL - 2024-06-11 17:44:16 --> Unable to connect to the database.
Main connection [MySQLi]: Resource temporarily unavailable
in SYSTEMPATH/Database/BaseConnection.php on line 427.
 1 SYSTEMPATH/Database/BaseConnection.php(574): CodeIgniter\Database\BaseConnection->initialize()
 2 SYSTEMPATH/Database/BaseBuilder.php(1616): CodeIgniter\Database\BaseConnection->query()
 3 SYSTEMPATH/Model.php(241): CodeIgniter\Database\BaseBuilder->get()
 4 SYSTEMPATH/BaseModel.php(618): CodeIgniter\Model->doFindAll()
 5 APPPATH/Controllers/user/Homectrl.php(28): CodeIgniter\BaseModel->findAll()
 6 SYSTEMPATH/CodeIgniter.php(932): App\Controllers\user\Homectrl->index()
 7 SYSTEMPATH/CodeIgniter.php(497): CodeIgniter\CodeIgniter->runController()
 8 SYSTEMPATH/CodeIgniter.php(366): CodeIgniter\CodeIgniter->handleRequest()
 9 FCPATH/index.php(67): CodeIgniter\CodeIgniter->run()
INFO - 2024-06-11 18:15:45 --> Session: Class initialized using 'CodeIgniter\Session\Handlers\FileHandler' driver.
INFO - 2024-06-11 18:45:51 --> Session: Class initialized using 'CodeIgniter\Session\Handlers\FileHandler' driver.
INFO - 2024-06-11 19:13:37 --> Session: Class initialized using 'CodeIgniter\Session\Handlers\FileHandler' driver.
INFO - 2024-06-11 19:43:24 --> Session: Class initialized using 'CodeIgniter\Session\Handlers\FileHandler' driver.
INFO - 2024-06-11 20:14:26 --> Session: Class initialized using 'CodeIgniter\Session\Handlers\FileHandler' driver.
INFO - 2024-06-11 20:43:45 --> Session: Class initialized using 'CodeIgniter\Session\Handlers\FileHandler' driver.
INFO - 2024-06-11 21:14:04 --> Session: Class initialized using 'CodeIgniter\Session\Handlers\FileHandler' driver.
INFO - 2024-06-11 21:44:31 --> Session: Class initialized using 'CodeIgniter\Session\Handlers\FileHandler' driver.
INFO - 2024-06-11 22:14:08 --> Session: Class initialized using 'CodeIgniter\Session\Handlers\FileHandler' driver.
INFO - 2024-06-11 22:45:04 --> Session: Class initialized using 'CodeIgniter\Session\Handlers\FileHandler' driver.
INFO - 2024-06-11 23:13:46 --> Session: Class initialized using 'CodeIgniter\Session\Handlers\FileHandler' driver.
INFO - 2024-06-11 23:45:34 --> Session: Class initialized using 'CodeIgniter\Session\Handlers\FileHandler' driver.
